<?xml version="1.0" encoding="utf-8"?><testsuites name="pytest tests"><testsuite name="pytest" errors="0" failures="0" skipped="0" tests="8" time="6.131" timestamp="2026-08-07T13:33:50.907228+03:00" hostname="bernard"><testcase classname="tests.test_error_handlers" name="test_http_exception_string_message" time="0.037" /><testcase classname="tests.test_error_handlers" name="test_http_exception_structured_message" time="0.008" /><testcase classname="tests.test_error_handlers" name="test_http_exception_dict_message" time="0.010" /><testcase classname="tests.test_error_handlers" name="test_request_validation_error_mapping" time="0.011" /><testcase classname="tests.test_hello" name="test_hello" time="0.001" /><testcase classname="tests.test_search" name="test_search_empty_query_returns_bad_request" time="0.050" /><testcase classname="tests.test_search" name="test_search_includes_photo_results" time="0.031" /><testcase classname="tests.test_search" name="test_search_returns_all_result_types" time="0.012" /></testsuite></testsuites>