<?xml version="1.0" encoding="utf-8"?><testsuites name="pytest tests"><testsuite name="pytest" errors="0" failures="0" skipped="0" tests="8" time="5.680" timestamp="2026-08-10T17:48:18.159414+03:00" hostname="bernard"><testcase classname="tests.test_error_handlers" name="test_http_exception_string_message" time="0.037" /><testcase classname="tests.test_error_handlers" name="test_http_exception_structured_message" time="0.012" /><testcase classname="tests.test_error_handlers" name="test_http_exception_dict_message" time="0.018" /><testcase classname="tests.test_error_handlers" name="test_request_validation_error_mapping" time="0.033" /><testcase classname="tests.test_hello" name="test_hello" time="0.002" /><testcase classname="tests.test_search" name="test_search_empty_query_returns_bad_request" time="0.054" /><testcase classname="tests.test_search" name="test_search_includes_photo_results" time="0.039" /><testcase classname="tests.test_search" name="test_search_returns_all_result_types" time="0.015" /></testsuite></testsuites>